<?xml version="1.0" encoding="UTF-8"?>
<testng-results skipped="0" failed="0" total="20" passed="20">
  <reporter-output>
  </reporter-output>
  <suite name="groupsuite" duration-ms="14" started-at="2019-05-03T16:39:45Z" finished-at="2019-05-03T16:39:45Z">
    <groups>
      <group name="tea">
        <method signature="GroupsOnClass3.teacher1()[pri:0, instance:com.course.testng.groups.GroupsOnClass3@2812cbfa]" name="teacher1" class="com.course.testng.groups.GroupsOnClass3"/>
        <method signature="GroupsOnClass3.teacher2()[pri:0, instance:com.course.testng.groups.GroupsOnClass3@2812cbfa]" name="teacher2" class="com.course.testng.groups.GroupsOnClass3"/>
      </group> <!-- tea -->
      <group name="stu">
        <method signature="GroupOnClass1.stu1()[pri:0, instance:com.course.testng.groups.GroupOnClass1@2acf57e3]" name="stu1" class="com.course.testng.groups.GroupOnClass1"/>
        <method signature="GroupOnClass1.stu2()[pri:0, instance:com.course.testng.groups.GroupOnClass1@2acf57e3]" name="stu2" class="com.course.testng.groups.GroupOnClass1"/>
        <method signature="GroupsOnClass2.stu1()[pri:0, instance:com.course.testng.groups.GroupsOnClass2@2d6e8792]" name="stu1" class="com.course.testng.groups.GroupsOnClass2"/>
        <method signature="GroupsOnClass2.stu2()[pri:0, instance:com.course.testng.groups.GroupsOnClass2@2d6e8792]" name="stu2" class="com.course.testng.groups.GroupsOnClass2"/>
        <method signature="GroupOnClass1.stu1()[pri:0, instance:com.course.testng.groups.GroupOnClass1@edf4efb]" name="stu1" class="com.course.testng.groups.GroupOnClass1"/>
        <method signature="GroupOnClass1.stu2()[pri:0, instance:com.course.testng.groups.GroupOnClass1@edf4efb]" name="stu2" class="com.course.testng.groups.GroupOnClass1"/>
        <method signature="GroupsOnClass2.stu1()[pri:0, instance:com.course.testng.groups.GroupsOnClass2@35f983a6]" name="stu1" class="com.course.testng.groups.GroupsOnClass2"/>
        <method signature="GroupsOnClass2.stu2()[pri:0, instance:com.course.testng.groups.GroupsOnClass2@35f983a6]" name="stu2" class="com.course.testng.groups.GroupsOnClass2"/>
      </group> <!-- stu -->
    </groups>
    <test name="runAll" duration-ms="5" started-at="2019-05-03T16:39:45Z" finished-at="2019-05-03T16:39:45Z">
      <class name="com.course.testng.groups.GroupsOnClass2">
        <test-method status="PASS" signature="stu2()[pri:0, instance:com.course.testng.groups.GroupsOnClass2@2d6e8792]" name="stu2" duration-ms="1" started-at="2019-05-04T00:39:45Z" finished-at="2019-05-04T00:39:45Z">
          <reporter-output>
          </reporter-output>
        </test-method> <!-- stu2 -->
        <test-method status="PASS" signature="stu1()[pri:0, instance:com.course.testng.groups.GroupsOnClass2@2d6e8792]" name="stu1" duration-ms="0" started-at="2019-05-04T00:39:45Z" finished-at="2019-05-04T00:39:45Z">
          <reporter-output>
          </reporter-output>
        </test-method> <!-- stu1 -->
      </class> <!-- com.course.testng.groups.GroupsOnClass2 -->
      <class name="com.course.testng.groups.GroupsOnClass3">
        <test-method status="PASS" signature="teacher1()[pri:0, instance:com.course.testng.groups.GroupsOnClass3@2812cbfa]" name="teacher1" duration-ms="0" started-at="2019-05-04T00:39:45Z" finished-at="2019-05-04T00:39:45Z">
          <reporter-output>
          </reporter-output>
        </test-method> <!-- teacher1 -->
        <test-method status="PASS" signature="teacher2()[pri:0, instance:com.course.testng.groups.GroupsOnClass3@2812cbfa]" name="teacher2" duration-ms="0" started-at="2019-05-04T00:39:45Z" finished-at="2019-05-04T00:39:45Z">
          <reporter-output>
          </reporter-output>
        </test-method> <!-- teacher2 -->
      </class> <!-- com.course.testng.groups.GroupsOnClass3 -->
      <class name="com.course.testng.groups.GroupOnClass1">
        <test-method status="PASS" signature="beforeGroupStu()[pri:0, instance:com.course.testng.groups.GroupOnClass1@2acf57e3]" name="beforeGroupStu" is-config="true" duration-ms="0" started-at="2019-05-04T00:39:45Z" finished-at="2019-05-04T00:39:45Z">
          <reporter-output>
          </reporter-output>
        </test-method> <!-- beforeGroupStu -->
        <test-method status="PASS" signature="stu1()[pri:0, instance:com.course.testng.groups.GroupOnClass1@2acf57e3]" name="stu1" duration-ms="0" started-at="2019-05-04T00:39:45Z" finished-at="2019-05-04T00:39:45Z">
          <reporter-output>
          </reporter-output>
        </test-method> <!-- stu1 -->
        <test-method status="PASS" signature="stu2()[pri:0, instance:com.course.testng.groups.GroupOnClass1@2acf57e3]" name="stu2" duration-ms="0" started-at="2019-05-04T00:39:45Z" finished-at="2019-05-04T00:39:45Z">
          <reporter-output>
          </reporter-output>
        </test-method> <!-- stu2 -->
        <test-method status="PASS" signature="afterGroupStu()[pri:0, instance:com.course.testng.groups.GroupOnClass1@2acf57e3]" name="afterGroupStu" is-config="true" duration-ms="1" started-at="2019-05-04T00:39:45Z" finished-at="2019-05-04T00:39:45Z">
          <reporter-output>
          </reporter-output>
        </test-method> <!-- afterGroupStu -->
      </class> <!-- com.course.testng.groups.GroupOnClass1 -->
    </test> <!-- runAll -->
    <test name="onlyRunStu" duration-ms="5" started-at="2019-05-03T16:39:45Z" finished-at="2019-05-03T16:39:45Z">
      <class name="com.course.testng.groups.GroupsOnClass2">
        <test-method status="PASS" signature="stu1()[pri:0, instance:com.course.testng.groups.GroupsOnClass2@35f983a6]" name="stu1" duration-ms="0" started-at="2019-05-04T00:39:45Z" finished-at="2019-05-04T00:39:45Z">
          <reporter-output>
          </reporter-output>
        </test-method> <!-- stu1 -->
        <test-method status="PASS" signature="stu2()[pri:0, instance:com.course.testng.groups.GroupsOnClass2@35f983a6]" name="stu2" duration-ms="0" started-at="2019-05-04T00:39:45Z" finished-at="2019-05-04T00:39:45Z">
          <reporter-output>
          </reporter-output>
        </test-method> <!-- stu2 -->
      </class> <!-- com.course.testng.groups.GroupsOnClass2 -->
      <class name="com.course.testng.groups.GroupOnClass1">
        <test-method status="PASS" signature="stu1()[pri:0, instance:com.course.testng.groups.GroupOnClass1@edf4efb]" name="stu1" duration-ms="0" started-at="2019-05-04T00:39:45Z" finished-at="2019-05-04T00:39:45Z">
          <reporter-output>
          </reporter-output>
        </test-method> <!-- stu1 -->
        <test-method status="PASS" signature="beforeGroupStu()[pri:0, instance:com.course.testng.groups.GroupOnClass1@edf4efb]" name="beforeGroupStu" is-config="true" duration-ms="0" started-at="2019-05-04T00:39:45Z" finished-at="2019-05-04T00:39:45Z">
          <reporter-output>
          </reporter-output>
        </test-method> <!-- beforeGroupStu -->
        <test-method status="PASS" signature="stu2()[pri:0, instance:com.course.testng.groups.GroupOnClass1@edf4efb]" name="stu2" duration-ms="0" started-at="2019-05-04T00:39:45Z" finished-at="2019-05-04T00:39:45Z">
          <reporter-output>
          </reporter-output>
        </test-method> <!-- stu2 -->
        <test-method status="PASS" signature="afterGroupStu()[pri:0, instance:com.course.testng.groups.GroupOnClass1@edf4efb]" name="afterGroupStu" is-config="true" duration-ms="0" started-at="2019-05-04T00:39:45Z" finished-at="2019-05-04T00:39:45Z">
          <reporter-output>
          </reporter-output>
        </test-method> <!-- afterGroupStu -->
      </class> <!-- com.course.testng.groups.GroupOnClass1 -->
    </test> <!-- onlyRunStu -->
  </suite> <!-- groupsuite -->
  <suite name="suite" duration-ms="96" started-at="2019-05-03T16:39:45Z" finished-at="2019-05-03T16:39:45Z">
    <groups>
    </groups>
    <test name="basictest" duration-ms="59" started-at="2019-05-03T16:39:45Z" finished-at="2019-05-03T16:39:45Z">
      <class name="com.course.testng.BasicAnnotationTest">
        <test-method status="PASS" signature="annotationTest1()[pri:0, instance:com.course.testng.BasicAnnotationTest@5e025e70]" name="annotationTest1" duration-ms="2" started-at="2019-05-04T00:39:45Z" finished-at="2019-05-04T00:39:45Z">
          <reporter-output>
          </reporter-output>
        </test-method> <!-- annotationTest1 -->
        <test-method status="PASS" signature="beforeMethodtest()[pri:0, instance:com.course.testng.BasicAnnotationTest@5e025e70]" name="beforeMethodtest" is-config="true" duration-ms="0" started-at="2019-05-04T00:39:45Z" finished-at="2019-05-04T00:39:45Z">
          <reporter-output>
          </reporter-output>
        </test-method> <!-- beforeMethodtest -->
        <test-method status="PASS" signature="afterMethod()[pri:0, instance:com.course.testng.BasicAnnotationTest@5e025e70]" name="afterMethod" is-config="true" duration-ms="1" started-at="2019-05-04T00:39:45Z" finished-at="2019-05-04T00:39:45Z">
          <reporter-output>
          </reporter-output>
        </test-method> <!-- afterMethod -->
      </class> <!-- com.course.testng.BasicAnnotationTest -->
    </test> <!-- basictest -->
    <test name="login" duration-ms="3" started-at="2019-05-03T16:39:45Z" finished-at="2019-05-03T16:39:45Z">
      <class name="com.course.testng.suite.suiteConfig">
        <test-method status="PASS" signature="beforeTest()[pri:0, instance:com.course.testng.suite.suiteConfig@34ce8af7]" name="beforeTest" is-config="true" duration-ms="1" started-at="2019-05-04T00:39:45Z" finished-at="2019-05-04T00:39:45Z">
          <reporter-output>
          </reporter-output>
        </test-method> <!-- beforeTest -->
        <test-method status="PASS" signature="afterTest()[pri:0, instance:com.course.testng.suite.suiteConfig@34ce8af7]" name="afterTest" is-config="true" duration-ms="0" started-at="2019-05-04T00:39:45Z" finished-at="2019-05-04T00:39:45Z">
          <reporter-output>
          </reporter-output>
        </test-method> <!-- afterTest -->
      </class> <!-- com.course.testng.suite.suiteConfig -->
      <class name="com.course.testng.suite.LoginTest">
        <test-method status="PASS" signature="loginTest()[pri:0, instance:com.course.testng.suite.LoginTest@b684286]" name="loginTest" duration-ms="0" started-at="2019-05-04T00:39:45Z" finished-at="2019-05-04T00:39:45Z">
          <reporter-output>
          </reporter-output>
        </test-method> <!-- loginTest -->
      </class> <!-- com.course.testng.suite.LoginTest -->
    </test> <!-- login -->
    <test name="pay" duration-ms="1" started-at="2019-05-03T16:39:45Z" finished-at="2019-05-03T16:39:45Z">
      <class name="com.course.testng.suite.payTest">
        <test-method status="PASS" signature="payTest()[pri:0, instance:com.course.testng.suite.payTest@30c7da1e]" name="payTest" duration-ms="0" started-at="2019-05-04T00:39:45Z" finished-at="2019-05-04T00:39:45Z">
          <reporter-output>
          </reporter-output>
        </test-method> <!-- payTest -->
      </class> <!-- com.course.testng.suite.payTest -->
      <class name="com.course.testng.suite.suiteConfig">
        <test-method status="PASS" signature="beforeSuite()[pri:0, instance:com.course.testng.suite.suiteConfig@340f438e]" name="beforeSuite" is-config="true" duration-ms="9" started-at="2019-05-04T00:39:45Z" finished-at="2019-05-04T00:39:45Z">
          <reporter-output>
          </reporter-output>
        </test-method> <!-- beforeSuite -->
        <test-method status="PASS" signature="beforeTest()[pri:0, instance:com.course.testng.suite.suiteConfig@340f438e]" name="beforeTest" is-config="true" duration-ms="0" started-at="2019-05-04T00:39:45Z" finished-at="2019-05-04T00:39:45Z">
          <reporter-output>
          </reporter-output>
        </test-method> <!-- beforeTest -->
        <test-method status="PASS" signature="afterTest()[pri:0, instance:com.course.testng.suite.suiteConfig@340f438e]" name="afterTest" is-config="true" duration-ms="0" started-at="2019-05-04T00:39:45Z" finished-at="2019-05-04T00:39:45Z">
          <reporter-output>
          </reporter-output>
        </test-method> <!-- afterTest -->
        <test-method status="PASS" signature="afterSuite()[pri:0, instance:com.course.testng.suite.suiteConfig@340f438e]" name="afterSuite" is-config="true" duration-ms="0" started-at="2019-05-04T00:39:45Z" finished-at="2019-05-04T00:39:45Z">
          <reporter-output>
          </reporter-output>
        </test-method> <!-- afterSuite -->
      </class> <!-- com.course.testng.suite.suiteConfig -->
    </test> <!-- pay -->
  </suite> <!-- suite -->
  <suite name="thread" duration-ms="12" started-at="2019-05-03T16:39:45Z" finished-at="2019-05-03T16:39:45Z">
    <groups>
    </groups>
    <test name="demo1" duration-ms="8" started-at="2019-05-03T16:39:45Z" finished-at="2019-05-03T16:39:45Z">
      <class name="com.course.testng.multithreads.multithreadOnXml1">
        <test-method status="PASS" signature="multiThreadTestOnXml1()[pri:0, instance:com.course.testng.multithreads.multithreadOnXml1@1a407d53]" name="multiThreadTestOnXml1" duration-ms="0" started-at="2019-05-04T00:39:45Z" finished-at="2019-05-04T00:39:45Z">
          <reporter-output>
          </reporter-output>
        </test-method> <!-- multiThreadTestOnXml1 -->
        <test-method status="PASS" signature="multiThreadTestOnXml2()[pri:0, instance:com.course.testng.multithreads.multithreadOnXml1@1a407d53]" name="multiThreadTestOnXml2" duration-ms="1" started-at="2019-05-04T00:39:45Z" finished-at="2019-05-04T00:39:45Z">
          <reporter-output>
          </reporter-output>
        </test-method> <!-- multiThreadTestOnXml2 -->
        <test-method status="PASS" signature="multiThreadTestOnXml3()[pri:0, instance:com.course.testng.multithreads.multithreadOnXml1@1a407d53]" name="multiThreadTestOnXml3" duration-ms="0" started-at="2019-05-04T00:39:45Z" finished-at="2019-05-04T00:39:45Z">
          <reporter-output>
          </reporter-output>
        </test-method> <!-- multiThreadTestOnXml3 -->
      </class> <!-- com.course.testng.multithreads.multithreadOnXml1 -->
      <class name="com.course.testng.multithreads.multithreadsOnXml">
        <test-method status="PASS" signature="multiThreadTestOnXml1()[pri:0, instance:com.course.testng.multithreads.multithreadsOnXml@3498ed]" name="multiThreadTestOnXml1" duration-ms="0" started-at="2019-05-04T00:39:45Z" finished-at="2019-05-04T00:39:45Z">
          <reporter-output>
          </reporter-output>
        </test-method> <!-- multiThreadTestOnXml1 -->
        <test-method status="PASS" signature="multiThreadTestOnXml2()[pri:0, instance:com.course.testng.multithreads.multithreadsOnXml@3498ed]" name="multiThreadTestOnXml2" duration-ms="0" started-at="2019-05-04T00:39:45Z" finished-at="2019-05-04T00:39:45Z">
          <reporter-output>
          </reporter-output>
        </test-method> <!-- multiThreadTestOnXml2 -->
        <test-method status="PASS" signature="multiThreadTestOnXml3()[pri:0, instance:com.course.testng.multithreads.multithreadsOnXml@3498ed]" name="multiThreadTestOnXml3" duration-ms="0" started-at="2019-05-04T00:39:45Z" finished-at="2019-05-04T00:39:45Z">
          <reporter-output>
          </reporter-output>
        </test-method> <!-- multiThreadTestOnXml3 -->
      </class> <!-- com.course.testng.multithreads.multithreadsOnXml -->
    </test> <!-- demo1 -->
    <test name="demo2" duration-ms="1" started-at="2019-05-03T16:39:45Z" finished-at="2019-05-03T16:39:45Z">
      <class name="com.course.testng.multithreads.multithreadonXml2">
        <test-method status="PASS" signature="multiThreadTestOnXml1()[pri:0, instance:com.course.testng.multithreads.multithreadonXml2@3fb6a447]" name="multiThreadTestOnXml1" duration-ms="0" started-at="2019-05-04T00:39:45Z" finished-at="2019-05-04T00:39:45Z">
          <reporter-output>
          </reporter-output>
        </test-method> <!-- multiThreadTestOnXml1 -->
      </class> <!-- com.course.testng.multithreads.multithreadonXml2 -->
    </test> <!-- demo2 -->
  </suite> <!-- thread -->
</testng-results>
