<?xml version="1.0" encoding="UTF-8" ?>
<testsuite tests="4" failures="2" name="TestSuite" time="1.147" errors="0" skipped="0">
  <properties>
[...]
</properties>
  <testcase classname="com.extent.testExtentReport" name="test1" time="0.006"/>
  <testcase classname="com.extent.testExtentReport" name="test2" time="0.004">
    <failure message="test2 expected [2] but found [1]" type="java.lang.AssertionError">java.lang.AssertionError: test2 expected [2] but found [1]
	at org.testng.Assert.fail(Assert.java:94)
	at org.testng.Assert.failNotEquals(Assert.java:496)
	at org.testng.Assert.assertEquals(Assert.java:125)
	at org.testng.Assert.assertEquals(Assert.java:372)
	at com.extent.testExtentReport.test2(testExtentReport.java:16)
</failure>
  </testcase>
  <testcase classname="com.extent.testExtentReport" name="test3" time="0"/>
  <testcase classname="com.extent.testExtentReport" name="test4" time="0.001">
    <failure message="this is exception by myself" type="java.lang.RuntimeException">java.lang.RuntimeException: this is exception by myself
	at com.extent.testExtentReport.test4(testExtentReport.java:27)
</failure>
  </testcase>
</testsuite>