<?xml version="1.0" encoding="UTF-8"?>
<!-- Generated by org.testng.reporters.JUnitXMLReporter -->
<testsuite hostname="DAN-PC" name="demo1" tests="6" failures="0" timestamp="3 May 2019 16:39:45 GMT" time="0.008" errors="0">
  <testcase name="multiThreadTestOnXml1" time="0.0" classname="com.course.testng.multithreads.multithreadsOnXml"/>
  <testcase name="multiThreadTestOnXml1" time="0.0" classname="com.course.testng.multithreads.multithreadOnXml1"/>
  <testcase name="multiThreadTestOnXml2" time="0.0" classname="com.course.testng.multithreads.multithreadsOnXml"/>
  <testcase name="multiThreadTestOnXml2" time="0.001" classname="com.course.testng.multithreads.multithreadOnXml1"/>
  <testcase name="multiThreadTestOnXml3" time="0.0" classname="com.course.testng.multithreads.multithreadOnXml1"/>
  <testcase name="multiThreadTestOnXml3" time="0.0" classname="com.course.testng.multithreads.multithreadsOnXml"/>
</testsuite> <!-- demo1 -->
