<?xml version="1.0" encoding="UTF-8"?>
<!-- Generated by org.testng.reporters.JUnitXMLReporter -->
<testsuite hostname="DAN-PC" name="runAll" tests="6" failures="0" timestamp="3 May 2019 16:39:45 GMT" time="0.005" errors="0">
  <testcase name="stu1" time="0.0" classname="com.course.testng.groups.GroupOnClass1"/>
  <testcase name="stu2" time="0.0" classname="com.course.testng.groups.GroupOnClass1"/>
  <testcase name="stu1" time="0.0" classname="com.course.testng.groups.GroupsOnClass2"/>
  <testcase name="stu2" time="0.001" classname="com.course.testng.groups.GroupsOnClass2"/>
  <testcase name="teacher1" time="0.0" classname="com.course.testng.groups.GroupsOnClass3"/>
  <testcase name="teacher2" time="0.0" classname="com.course.testng.groups.GroupsOnClass3"/>
</testsuite> <!-- runAll -->
